Arguments: 
  /Users/nan/.nvm/versions/node/v17.4.0/bin/node /Users/nan/.yarn/bin/yarn.js init

PATH: 
  /Users/nan/.yarn/bin:/Users/nan/.config/yarn/global/node_modules/.bin:/Users/nan/.nvm/versions/node/v17.4.0/bin:/Library/Frameworks/Python.framework/Versions/3.10/bin:/usr/local/bin:/usr/bin:/bin:/usr/sbin:/sbin:/Users/nan/.yarn/bin:/Users/nan/.config/yarn/global/node_modules/.bin:/Users/nan/.nvm/versions/node/v17.4.0/bin:/Library/Frameworks/Python.framework/Versions/3.10/bin

Yarn version: 
  1.22.17

Node version: 
  17.4.0

Platform: 
  darwin x64

Trace: 
  Error: canceled
      at Interface.<anonymous> (/Users/nan/.yarn/lib/cli.js:137143:13)
      at Interface.emit (node:events:520:28)
      at Interface.[_ttyWrite] [as _ttyWrite] (node:internal/readline/interface:973:18)
      at ReadStream.onkeypress (node:internal/readline/interface:240:20)
      at ReadStream.emit (node:events:520:28)
      at emitKeys (node:internal/readline/utils:358:14)
      at emitKeys.next (<anonymous>)
      at ReadStream.onData (node:internal/readline/emitKeypressEvents:64:36)
      at ReadStream.emit (node:events:520:28)
      at addChunk (node:internal/streams/readable:324:12)

npm manifest: 
  {
    "name": "capstone",
    "version": "1.0.0",
    "main": "index.js",
    "author": "Nan Liang",
    "license": "MIT"
  }

yarn manifest: 
  No manifest

Lockfile: 
  # THIS IS AN AUTOGENERATED FILE. DO NOT EDIT THIS FILE DIRECTLY.
  # yarn lockfile v1
